[2024-07-24 16:21:27,318: DEBUG/MainProcess] | Worker: Closing Hub...
[2024-07-24 16:21:27,319: DEBUG/MainProcess] | Worker: Closing Pool...
[2024-07-24 16:21:27,320: DEBUG/MainProcess] | Worker: Closing Consumer...
[2024-07-24 16:21:27,320: DEBUG/MainProcess] | Worker: Stopping Consumer...
[2024-07-24 16:21:27,320: DEBUG/MainProcess] | Consumer: Closing Connection...
[2024-07-24 16:21:27,321: DEBUG/MainProcess] | Consumer: Closing Events...
[2024-07-24 16:21:27,321: DEBUG/MainProcess] | Consumer: Closing Mingle...
[2024-07-24 16:21:27,321: DEBUG/MainProcess] | Consumer: Closing Gossip...
[2024-07-24 16:21:27,321: DEBUG/MainProcess] | Consumer: Closing Heart...
[2024-07-24 16:21:27,321: DEBUG/MainProcess] | Consumer: Closing Tasks...
[2024-07-24 16:21:27,321: DEBUG/MainProcess] | Consumer: Closing Control...
[2024-07-24 16:21:27,321: DEBUG/MainProcess] | Consumer: Closing event loop...
[2024-07-24 16:21:27,321: DEBUG/MainProcess] | Consumer: Stopping event loop...
[2024-07-24 16:21:27,321: DEBUG/MainProcess] | Consumer: Stopping Control...
[2024-07-24 16:21:27,324: DEBUG/MainProcess] | Consumer: Stopping Tasks...
[2024-07-24 16:21:27,324: DEBUG/MainProcess] Canceling task consumer...
[2024-07-24 16:21:27,324: DEBUG/MainProcess] | Consumer: Stopping Heart...
[2024-07-24 16:21:27,325: DEBUG/MainProcess] | Consumer: Stopping Gossip...
[2024-07-24 16:21:27,326: DEBUG/MainProcess] | Consumer: Stopping Mingle...
[2024-07-24 16:21:27,327: DEBUG/MainProcess] | Consumer: Stopping Events...
[2024-07-24 16:21:27,327: DEBUG/MainProcess] | Consumer: Stopping Connection...
[2024-07-24 16:21:27,327: DEBUG/MainProcess] | Worker: Stopping Pool...
[2024-07-24 16:21:28,352: DEBUG/MainProcess] | Worker: Stopping Hub...
[2024-07-24 16:21:28,352: DEBUG/MainProcess] | Consumer: Shutdown Control...
[2024-07-24 16:21:28,352: DEBUG/MainProcess] | Consumer: Shutdown Tasks...
[2024-07-24 16:21:28,352: DEBUG/MainProcess] Canceling task consumer...
[2024-07-24 16:21:28,353: DEBUG/MainProcess] Closing consumer channel...
[2024-07-24 16:21:28,353: DEBUG/MainProcess] | Consumer: Shutdown Heart...
[2024-07-24 16:21:28,353: DEBUG/MainProcess] | Consumer: Shutdown Gossip...
[2024-07-24 16:21:28,353: DEBUG/MainProcess] | Consumer: Shutdown Events...
[2024-07-24 16:21:28,353: DEBUG/MainProcess] | Consumer: Shutdown Connection...
[2024-07-24 16:21:28,358: DEBUG/MainProcess] removing tasks from inqueue until task handler finished
[2024-07-24 16:21:29,443: DEBUG/MainProcess] | Worker: Preparing bootsteps.
[2024-07-24 16:21:29,444: DEBUG/MainProcess] | Worker: Building graph...
[2024-07-24 16:21:29,445: DEBUG/MainProcess] | Worker: New boot order: {StateDB, Beat, Timer, Hub, Pool, Autoscaler, Consumer}
[2024-07-24 16:21:29,450: DEBUG/MainProcess] | Consumer: Preparing bootsteps.
[2024-07-24 16:21:29,450: DEBUG/MainProcess] | Consumer: Building graph...
[2024-07-24 16:21:29,459: DEBUG/MainProcess] | Consumer: New boot order: {Connection, Events, Mingle, Tasks, Control, Gossip, Heart, Agent, event loop}
[2024-07-24 16:21:29,469: DEBUG/MainProcess] | Worker: Starting Hub
[2024-07-24 16:21:29,470: DEBUG/MainProcess] ^-- substep ok
[2024-07-24 16:21:29,470: DEBUG/MainProcess] | Worker: Starting Pool
[2024-07-24 16:21:30,111: DEBUG/MainProcess] ^-- substep ok
[2024-07-24 16:21:30,111: DEBUG/MainProcess] | Worker: Starting Consumer
[2024-07-24 16:21:30,112: DEBUG/MainProcess] | Consumer: Starting Connection
[2024-07-24 16:21:30,116: WARNING/MainProcess] /home/trainboxai/backend/rippo/venv/lib/python3.10/site-packages/celery/worker/consumer/consumer.py:508: CPendingDeprecationWarning: The broker_connection_retry configuration setting will no longer determine
whether broker connection retries are made during startup in Celery 6.0 and above.
If you wish to retain the existing behavior for retrying connections on startup,
you should set broker_connection_retry_on_startup to True.
  warnings.warn(

[2024-07-24 16:21:30,125: INFO/MainProcess] Connected to redis://localhost:6379/0
[2024-07-24 16:21:30,125: DEBUG/MainProcess] ^-- substep ok
[2024-07-24 16:21:30,125: DEBUG/MainProcess] | Consumer: Starting Events
[2024-07-24 16:21:30,126: WARNING/MainProcess] /home/trainboxai/backend/rippo/venv/lib/python3.10/site-packages/celery/worker/consumer/consumer.py:508: CPendingDeprecationWarning: The broker_connection_retry configuration setting will no longer determine
whether broker connection retries are made during startup in Celery 6.0 and above.
If you wish to retain the existing behavior for retrying connections on startup,
you should set broker_connection_retry_on_startup to True.
  warnings.warn(

[2024-07-24 16:21:30,128: DEBUG/MainProcess] ^-- substep ok
[2024-07-24 16:21:30,128: DEBUG/MainProcess] | Consumer: Starting Mingle
[2024-07-24 16:21:30,128: INFO/MainProcess] mingle: searching for neighbors
[2024-07-24 16:21:30,135: DEBUG/MainProcess] pidbox received method hello(from_node='celery@rippo-backend-vm', revoked={}) [reply_to:{'exchange': 'reply.celery.pidbox', 'routing_key': '91407504-7c2e-3e47-8fee-ff1ce828a1ca'} ticket:815cf2a1-18f9-41fe-b243-2aab9114aae6]
[2024-07-24 16:21:31,139: INFO/MainProcess] mingle: all alone
[2024-07-24 16:21:31,140: DEBUG/MainProcess] ^-- substep ok
[2024-07-24 16:21:31,140: DEBUG/MainProcess] | Consumer: Starting Tasks
[2024-07-24 16:21:31,143: DEBUG/MainProcess] ^-- substep ok
[2024-07-24 16:21:31,143: DEBUG/MainProcess] | Consumer: Starting Control
[2024-07-24 16:21:31,145: DEBUG/MainProcess] ^-- substep ok
[2024-07-24 16:21:31,145: DEBUG/MainProcess] | Consumer: Starting Gossip
[2024-07-24 16:21:31,148: DEBUG/MainProcess] ^-- substep ok
[2024-07-24 16:21:31,148: DEBUG/MainProcess] | Consumer: Starting Heart
[2024-07-24 16:21:31,149: DEBUG/MainProcess] ^-- substep ok
[2024-07-24 16:21:31,149: DEBUG/MainProcess] | Consumer: Starting event loop
[2024-07-24 16:21:31,150: DEBUG/MainProcess] | Worker: Hub.register Pool...
[2024-07-24 16:21:31,150: INFO/MainProcess] celery@rippo-backend-vm ready.
[2024-07-24 16:21:31,150: DEBUG/MainProcess] basic.qos: prefetch_count->16
